<?xml version="1.0" encoding="UTF-8"?>
<!-- Generated by org.testng.reporters.JUnitXMLReporter -->
<testsuite ignored="1" hostname="DESKTOP-3QO46GV" failures="0" tests="1" name="Default test" time="13.929" errors="0" timestamp="2024-03-24T20:23:11 IST">
  <testcase classname="Session15.JsonObjecUsingJavaMapDemo" name="createUser" time="13.711"/>
  <testcase classname="Session15.JsonObjecUsingJavaMapDemo" name="createAuthToken" time="0.0">
    <ignored/>
  </testcase> <!-- createAuthToken -->
</testsuite> <!-- Default test -->
