<?xml version="1.0" encoding="UTF-8"?>
<testng-results ignored="1" total="2" passed="1" failed="0" skipped="0">
  <reporter-output>
  </reporter-output>
  <suite started-at="2024-03-24T20:22:57 IST" name="Default suite" finished-at="2024-03-24T20:23:11 IST" duration-ms="13929">
    <groups>
    </groups>
    <test started-at="2024-03-24T20:22:57 IST" name="Default test" finished-at="2024-03-24T20:23:11 IST" duration-ms="13929">
      <class name="Session15.JsonObjecUsingJavaMapDemo">
        <test-method signature="createUser()[pri:0, instance:Session15.JsonObjecUsingJavaMapDemo@393671df]" started-at="2024-03-24T20:22:58 IST" name="createUser" finished-at="2024-03-24T20:23:11 IST" duration-ms="13711" status="PASS">
          <reporter-output>
          </reporter-output>
        </test-method> <!-- createUser -->
      </class> <!-- Session15.JsonObjecUsingJavaMapDemo -->
    </test> <!-- Default test -->
  </suite> <!-- Default suite -->
</testng-results>
